D:\Visual Studio IDE\MSBuild\Microsoft\VC\v170\Microsoft.CppBuild.targets(514,5): warning MSB8028: 中间目录(CSC8503CoreClasses.dir\Debug\)包含从另一个项目(CSC8503CoreClasses.vcxproj)共享的文件。   这会导致错误的清除和重新生成行为。
  Building Custom Rule D:/NCL/CSC8503 2022/CSC8503CoreClasses/CMakeLists.txt
  cmake_pch.cxx
  Debug.h
  GameObject.h
  GameWorld.h
  RenderObject.h
  Transform.h
  Debug.cpp
  GameObject.cpp
  GameWorld.cpp
  RenderObject.cpp
  Transform.cpp
  BehaviourAction.h
  BehaviourNode.h
  BehaviourNodeWithChildren.h
  State.h
  StateTransition.h
  NavigationMap.h
  NavigationPath.h
  AABBVolume.h
  CollisionVolume.h
  OBBVolume.h
  Ray.h
  SphereVolume.h
  Constraint.h
  callbacks.c
  enet.h
  time.h
  types.h
  utility.h
  compress.c
  host.c
  正在生成代码...
  正在编译...
  packet.c
  peer.c
  正在生成代码...
  BehaviourSelector.h
  BehaviourSelector.cpp
  BehaviourSequence.h
  BehaviourSequence.cpp
  PushdownMachine.h
  PushdownMachine.cpp
  PushdownState.h
  PushdownState.cpp
  StateMachine.h
  StateMachine.cpp
  NavigationGrid.h
  NavigationGrid.cpp
  NavigationMesh.cpp
  NavigationMesh.h
  CapsuleVolume.h
  CapsuleVolume.cpp
  CollisionDetection.h
  CollisionDetection.cpp
  QuadTree.h
  QuadTree.cpp
  GameClient.h
  GameClient.cpp
  GameServer.h
  GameServer.cpp
  NetworkBase.h
  NetworkBase.cpp
  NetworkObject.h
  NetworkObject.cpp
  NetworkState.h
  NetworkState.cpp
  PositionConstraint.cpp
  PositionConstraint.h
  OrientationConstraint.cpp
  OrientationConstraint.h
  PhysicsObject.cpp
  PhysicsObject.h
  PhysicsSystem.cpp
  PhysicsSystem.h
  list.h
  list.c
  protocol.h
  protocol.c
  win32.h
  win32.c
  CSC8503CoreClasses.vcxproj -> D:\NCL\CSC8503 2022\x64\Debug\CSC8503CoreClasses.lib
